<?xml version="1.0" encoding="UTF-8"?>
<!-- Generated by org.testng.reporters.JUnitReportReporter -->
<testsuite hostname="DESKTOP-43FRHA5" failures="0" tests="1" name="selenium.Test1" time="8.724" errors="0" timestamp="2022-04-16T23:33:05 IST" skipped="0">
  <testcase classname="selenium.Test1" name="checkLoginPageheadind2" time="8.724"/>
  <system-out/>
</testsuite> <!-- selenium.Test1 -->
