<?xml version="1.0" encoding="UTF-8"?>
<!-- Generated by org.testng.reporters.JUnitReportReporter -->
<testsuite skipped="0" hostname="DESKTOP-43FRHA5" name="selenium.Loginpage" tests="1" failures="0" timestamp="2022-04-17T08:32:47 IST" time="4.801" errors="0">
  <testcase name="checkLoginPageheadind2" time="4.801" classname="selenium.Loginpage"/>
  <system-out/>
</testsuite> <!-- selenium.Loginpage -->
